{
  "stats": {
    "suites": 1,
    "tests": 2,
    "passes": 2,
    "pending": 0,
    "failures": 0,
    "start": "2021-11-30T15:03:55.534Z",
    "end": "2021-11-30T15:03:57.792Z",
    "duration": 2258,
    "testsRegistered": 2,
    "passPercent": 100,
    "pendingPercent": 0,
    "other": 0,
    "hasOther": false,
    "skipped": 0,
    "hasSkipped": false
  },
  "results": [
    {
      "uuid": "a81e3597-ac39-424d-a047-364be2fb1c8c",
      "title": "",
      "fullFile": "cypress/integration/listagem.spec.js",
      "file": "cypress/integration/listagem.spec.js",
      "beforeHooks": [],
      "afterHooks": [],
      "tests": [],
      "suites": [
        {
          "uuid": "7c8d5c76-0079-4187-88b7-dff7e15b5f22",
          "title": "Listagem",
          "fullFile": "",
          "file": "",
          "beforeHooks": [],
          "afterHooks": [],
          "tests": [
            {
              "title": "Quando não houver cadastros, então a listagem deve estar vazia",
              "fullTitle": "Listagem Quando não houver cadastros, então a listagem deve estar vazia",
              "timedOut": null,
              "duration": 379,
              "state": "passed",
              "speed": "fast",
              "pass": true,
              "fail": false,
              "pending": false,
              "context": null,
              "code": "cy.fixture(\"listagem-vazia\").then(data => {\n  window.localStorage.setItem('data', JSON.stringify(data));\n});\ncy.viewport(1440, 900);\ncy.visit('https://form-agilizei.netlify.app/listagem.html');\ncy.get('#users tr').should('have.length', 0);",
              "err": {},
              "uuid": "5decb9b3-e681-4521-92ca-86e1e3abaf95",
              "parentUUID": "7c8d5c76-0079-4187-88b7-dff7e15b5f22",
              "isHook": false,
              "skipped": false
            },
            {
              "title": "Quando houver um ou mais cadastros, então a listagem deve exibir cada registro",
              "fullTitle": "Listagem Quando houver um ou mais cadastros, então a listagem deve exibir cada registro",
              "timedOut": null,
              "duration": 365,
              "state": "passed",
              "speed": "fast",
              "pass": true,
              "fail": false,
              "pending": false,
              "context": null,
              "code": "cy.fixture(\"listagem-com-itens\").then(data => {\n  window.localStorage.setItem('data', JSON.stringify(data));\n});\ncy.viewport(1440, 900);\ncy.visit('https://form-agilizei.netlify.app/listagem.html');\ncy.get('#users tr').should('have.length', 3);\ncy.fixture(\"listagem-com-itens\").then(data => {\n  let space = ' ';\n  for (let index = 0; index < data.length; index++) {\n    let payloadEmail = data[index].emailAdress;\n    let email = space + payloadEmail + space;\n    cy.get('#users tr').eq(index).find('td').first().should('have.text', email);\n    let payloadNome = data[index].firstName;\n    let nome = space + payloadNome + space;\n    cy.get('#users tr').eq(index).find('td').eq(1).should('have.text', nome);\n  }\n});",
              "err": {},
              "uuid": "7118b982-e1c4-466f-afc5-8eb84d4aea1c",
              "parentUUID": "7c8d5c76-0079-4187-88b7-dff7e15b5f22",
              "isHook": false,
              "skipped": false
            }
          ],
          "suites": [],
          "passes": [
            "5decb9b3-e681-4521-92ca-86e1e3abaf95",
            "7118b982-e1c4-466f-afc5-8eb84d4aea1c"
          ],
          "failures": [],
          "pending": [],
          "skipped": [],
          "duration": 744,
          "root": false,
          "rootEmpty": false,
          "_timeout": 2000
        }
      ],
      "passes": [],
      "failures": [],
      "pending": [],
      "skipped": [],
      "duration": 0,
      "root": true,
      "rootEmpty": true,
      "_timeout": 2000
    }
  ],
  "meta": {
    "mocha": {
      "version": "7.0.1"
    },
    "mochawesome": {
      "options": {
        "quiet": true,
        "reportFilename": "mochawesome",
        "saveHtml": false,
        "saveJson": true,
        "consoleReporter": "spec",
        "useInlineDiffs": false,
        "code": true
      },
      "version": "7.0.1"
    },
    "marge": {
      "options": {
        "id": "default",
        "reportDir": "mochawesome-report",
        "quiet": true,
        "overwrite": false,
        "html": false,
        "json": true
      },
      "version": "6.0.1"
    }
  }
}