{
  "stats": {
    "suites": 1,
    "tests": 1,
    "passes": 1,
    "pending": 0,
    "failures": 0,
    "start": "2021-11-30T15:03:46.968Z",
    "end": "2021-11-30T15:03:54.041Z",
    "duration": 7073,
    "testsRegistered": 1,
    "passPercent": 100,
    "pendingPercent": 0,
    "other": 0,
    "hasOther": false,
    "skipped": 0,
    "hasSkipped": false
  },
  "results": [
    {
      "uuid": "2b4cb8d4-c9f2-44d7-b60a-61459d9b8c62",
      "title": "",
      "fullFile": "cypress/integration/cadastro.spec.js",
      "file": "cypress/integration/cadastro.spec.js",
      "beforeHooks": [],
      "afterHooks": [],
      "tests": [],
      "suites": [
        {
          "uuid": "820a1e1b-fc62-4723-a2f5-a2c1afc088ad",
          "title": "Cadastro",
          "fullFile": "",
          "file": "",
          "beforeHooks": [],
          "afterHooks": [],
          "tests": [
            {
              "title": "Ao informar os dados e finalizar, então o cadastro deve ser efetuado",
              "fullTitle": "Cadastro Ao informar os dados e finalizar, então o cadastro deve ser efetuado",
              "timedOut": null,
              "duration": 4544,
              "state": "passed",
              "speed": "fast",
              "pass": true,
              "fail": false,
              "pending": false,
              "context": null,
              "code": "cy.viewport(1440, 900);\ncy.visit('https://form-agilizei.netlify.app');\ncy.get('input[name=firstName]').type(chance.first());\ncy.get('input[name=lastName]').type(chance.last());\ncy.get('textarea[name=adress]').type(chance.address());\ncy.get('input[name=emailAdress]').type(chance.email());\ncy.get('input[type=radio][value=m]').check();\ncy.get('input[type=checkbox]').check('Dormir');\ncy.get('input[type=checkbox]').check('Netflix');\ncy.get('select#countries').select('Japão', {\n  force: true\n});\ncy.get('select#years').select('1993', {\n  force: true\n});\ncy.get('select#months').select('Dezembro', {\n  force: true\n});\ncy.get('select#days').select('28', {\n  force: true\n});\ncy.get('input#firstpassword').type('aw4F8Z%Lj7hg');\ncy.get('input#secondpassword').type('aw4F8Z%Lj7hg');\ncy.get('button#submitbtn').click();\ncy.url().should('eq', 'https://form-agilizei.netlify.app/listagem.html');\ncy.get('#section h2').should('have.text', 'Listagem');",
              "err": {},
              "uuid": "66ad31fe-f477-42cf-805b-e57f345a419b",
              "parentUUID": "820a1e1b-fc62-4723-a2f5-a2c1afc088ad",
              "isHook": false,
              "skipped": false
            }
          ],
          "suites": [],
          "passes": [
            "66ad31fe-f477-42cf-805b-e57f345a419b"
          ],
          "failures": [],
          "pending": [],
          "skipped": [],
          "duration": 4544,
          "root": false,
          "rootEmpty": false,
          "_timeout": 2000
        }
      ],
      "passes": [],
      "failures": [],
      "pending": [],
      "skipped": [],
      "duration": 0,
      "root": true,
      "rootEmpty": true,
      "_timeout": 2000
    }
  ],
  "meta": {
    "mocha": {
      "version": "7.0.1"
    },
    "mochawesome": {
      "options": {
        "quiet": true,
        "reportFilename": "mochawesome",
        "saveHtml": false,
        "saveJson": true,
        "consoleReporter": "spec",
        "useInlineDiffs": false,
        "code": true
      },
      "version": "7.0.1"
    },
    "marge": {
      "options": {
        "id": "default",
        "reportDir": "mochawesome-report",
        "quiet": true,
        "overwrite": false,
        "html": false,
        "json": true
      },
      "version": "6.0.1"
    }
  }
}